<?xml version="1.0" encoding="UTF-8"?>
<testng-results ignored="0" total="1" passed="1" failed="0" skipped="0">
  <reporter-output>
  </reporter-output>
  <suite started-at="2022-09-30T10:34:53 IST" name="Default suite" finished-at="2022-09-30T10:35:09 IST" duration-ms="15662">
    <groups>
    </groups>
    <test started-at="2022-09-30T10:34:53 IST" name="Default test" finished-at="2022-09-30T10:35:09 IST" duration-ms="15662">
      <class name="com.testing.GooglePageTest">
        <test-method is-config="true" signature="beforeMethod()[pri:0, instance:com.testing.GooglePageTest@402bba4f]" started-at="2022-09-30T10:34:53 IST" name="beforeMethod" finished-at="2022-09-30T10:34:56 IST" duration-ms="2876" status="PASS">
          <reporter-output>
          </reporter-output>
        </test-method> <!-- beforeMethod -->
        <test-method signature="f()[pri:0, instance:com.testing.GooglePageTest@402bba4f]" started-at="2022-09-30T10:34:56 IST" name="f" finished-at="2022-09-30T10:35:09 IST" duration-ms="12744" status="PASS">
          <reporter-output>
          </reporter-output>
        </test-method> <!-- f -->
        <test-method is-config="true" signature="afterMethod()[pri:0, instance:com.testing.GooglePageTest@402bba4f]" started-at="2022-09-30T10:35:09 IST" name="afterMethod" finished-at="2022-09-30T10:35:09 IST" duration-ms="0" status="PASS">
          <reporter-output>
          </reporter-output>
        </test-method> <!-- afterMethod -->
      </class> <!-- com.testing.GooglePageTest -->
    </test> <!-- Default test -->
  </suite> <!-- Default suite -->
</testng-results>
