<?xml version="1.0" encoding="UTF-8"?>
<!-- Generated by org.testng.reporters.JUnitXMLReporter -->
<testsuite ignored="0" hostname="sreeja7340" failures="0" tests="12" name="account" time="0.034" errors="0" timestamp="2022-09-27T10:38:45 IST">
  <testcase classname="com.service.OrderTestExecution" name="b" time="0.001"/>
  <testcase classname="com.service.OrderTestExecution" name="c" time="0.001"/>
  <testcase classname="com.service.OrderTestExecution" name="d" time="0.001"/>
  <testcase classname="com.service.OrderTestExecution" name="a" time="0.001"/>
  <testcase classname="com.service.BikeTest" name="color" time="0.002"/>
  <testcase classname="com.service.BikeTest" name="mileage" time="0.001"/>
  <testcase classname="com.service.BikeTest" name="speed" time="0.001"/>
  <testcase classname="com.service.CarTest" name="color" time="0.001"/>
  <testcase classname="com.service.CarTest" name="mileage" time="0.001"/>
  <testcase classname="com.service.CarTest" name="speed" time="0.0"/>
  <testcase classname="com.service.HookTestingMethods" name="f1" time="0.001"/>
  <testcase classname="com.service.HookTestingMethods" name="f2" time="0.001"/>
</testsuite> <!-- account -->
