<?xml version="1.0" encoding="UTF-8"?>
<!-- Generated by org.testng.reporters.JUnitXMLReporter -->
<testsuite ignored="2" hostname="sreeja7340" failures="0" tests="2" name="MyTest" time="0.044" errors="0" timestamp="2022-09-27T09:47:23 IST">
  <testcase classname="com.service.HookTestingMethods" name="f" time="0.004"/>
  <testcase classname="com.service.HookTestingMethods" name="f2" time="0.001"/>
  <testcase classname="com.service.SampleTest" name="f1" time="0.0">
    <ignored/>
  </testcase> <!-- f1 -->
  <testcase classname="com.service.SampleTest" name="f2" time="0.0">
    <ignored/>
  </testcase> <!-- f2 -->
</testsuite> <!-- MyTest -->
