<?xml version="1.0" encoding="UTF-8"?>
<!-- Generated by org.testng.reporters.JUnitXMLReporter -->
<testsuite ignored="2" hostname="sreeja7340" failures="0" tests="2" name="Test" time="0.041" errors="0" timestamp="2022-09-27T10:38:45 IST">
  <testcase classname="com.service.HookTestingMethods" name="f2" time="0.005"/>
  <testcase classname="com.service.SampleTest" name="f1" time="0.002"/>
  <testcase classname="com.service.HookTestingMethods" name="f1" time="0.0">
    <ignored/>
  </testcase> <!-- f1 -->
  <testcase classname="com.service.SampleTest" name="f2" time="0.0">
    <ignored/>
  </testcase> <!-- f2 -->
</testsuite> <!-- Test -->
