<?xml version="1.0" encoding="UTF-8"?>
<testng-results ignored="0" total="1" passed="1" failed="0" skipped="0">
  <reporter-output>
  </reporter-output>
  <suite started-at="2022-09-30T14:47:15 IST" name="Default suite" finished-at="2022-09-30T14:48:26 IST" duration-ms="70821">
    <groups>
    </groups>
    <test started-at="2022-09-30T14:47:15 IST" name="Default test" finished-at="2022-09-30T14:48:26 IST" duration-ms="70821">
      <class name="com.testing.LoginTest">
        <test-method is-config="true" signature="beforeMethod()[pri:0, instance:com.testing.LoginTest@40ef3420]" started-at="2022-09-30T14:47:15 IST" name="beforeMethod" finished-at="2022-09-30T14:47:18 IST" duration-ms="3079" status="PASS">
          <reporter-output>
          </reporter-output>
        </test-method> <!-- beforeMethod -->
        <test-method signature="loginChaceking()[pri:0, instance:com.testing.LoginTest@40ef3420]" started-at="2022-09-30T14:47:18 IST" name="loginChaceking" finished-at="2022-09-30T14:48:26 IST" duration-ms="67676" status="PASS">
          <reporter-output>
          </reporter-output>
        </test-method> <!-- loginChaceking -->
      </class> <!-- com.testing.LoginTest -->
    </test> <!-- Default test -->
  </suite> <!-- Default suite -->
</testng-results>
